module_ASRW/build/intermediates/manifest_merge_blame_file/debug/manifest-merger-blame-debug-report.txt
1<?xml version="1.0" encoding="utf-8"?>
2<manifest xmlns:android="http://schemas.android.com/apk/res/android"
3    package="com.anubis.module_asrw"
4    android:versionCode="1"
5    android:versionName="1.0" >
6
7    <uses-sdk
7-->src/main/AndroidManifest.xml:6:5-7:41
8        android:minSdkVersion="19"
8-->src/main/AndroidManifest.xml:6:5-7:41
9        android:targetSdkVersion="28" />
9-->src/main/AndroidManifest.xml:7:9-38
10
11    <!-- <instrumentation -->
12    <!-- android:name="android.test.InstrumentationTestRunner" -->
13    <!-- android:label="Tests for com.baidu.speech.recognizerdemo" -->
14    <!-- android:targetPackage="com.baidu.speech.recognizerdemo" /> -->
15    <!-- begin: baidu speech sdk  权限 -->
16    <uses-permission android:name="android.permission.RECORD_AUDIO" />
16-->src/main/AndroidManifest.xml:14:5-71
16-->src/main/AndroidManifest.xml:14:22-68
17    <uses-permission android:name="android.permission.ACCESS_NETWORK_STATE" />
17-->src/main/AndroidManifest.xml:15:5-79
17-->src/main/AndroidManifest.xml:15:22-76
18    <uses-permission android:name="android.permission.INTERNET" />
18-->src/main/AndroidManifest.xml:16:5-67
18-->src/main/AndroidManifest.xml:16:22-64
19    <uses-permission android:name="android.permission.READ_PHONE_STATE" />
19-->src/main/AndroidManifest.xml:17:5-75
19-->src/main/AndroidManifest.xml:17:22-72
20    <uses-permission android:name="android.permission.WRITE_EXTERNAL_STORAGE" />
20-->src/main/AndroidManifest.xml:18:5-81
20-->src/main/AndroidManifest.xml:18:22-78
21    <!-- end: baidu speech sdk  权限 -->
22    <application android:theme="@style/AppTheme" >
22-->src/main/AndroidManifest.xml:20:5-197:19
22-->src/main/AndroidManifest.xml:21:9-40
23
24        <!-- <activity -->
25        <!-- android:name=".ActivityWakeUp" -->
26        <!-- android:label="Module离在线语音识别" -->
27        <!-- &gt; -->
28        <!-- </activity> -->
29
30
31        <!--
32            离线功能即离线命令词及唤醒词功能开启需要正式授权，正式授权完全由SDK自动管理：
33            1. 在百度语音开放平台注册应用，http://yuyin.baidu.com/app
34            2. 给在百度语音开放平台注册应用绑定包名。本demo的包名是com.baidu.speech.recognizerdemo，在build.gradle文件中查看。
35            3. 在当前应用的AndroidManifest.xml中填写相应的APP_ID API_KEY SECRET_KEY
36            4. 首次使用联网。正式授权目前有效期三年，三年之后的最后一个月尝试更新正式授权。
37            另外需要注意的是优先在线识别，即离线命令词识别功能在在线（包括2G网络）的情况下自动不启用。。
38        -->
39        <!-- 请填写真实的APP_ID API_KEY SECRET_KEY -->
40        <!--
41        再次重复！！填写APP_ID 时请检查在官网的该应用内是否设置了正确包名。否则会导致唤醒词及离线功能无法使用。
42         本demo的包名是com.baidu.speech.recognizerdemo，在build.gradle文件中查看。
43         如果遇见“app name error"的错误，表示 包名设置错误
44        -->
45        <!-- 正式发布时，请替换成您自己的appId 本demo的appId会不定时下线 -->
46
47
48        <!-- val appId = "11010053" -->
49        <!-- val appKey = "Yv1fNRycpH0SqaIvqVhKkd9k" -->
50        <!-- val secretKey = "rOf0ISjaTHDAzzK3q8VP5lrfCsYEntTK" -->
51        <meta-data
51-->src/main/AndroidManifest.xml:48:9-50:40
52            android:name="com.baidu.speech.APP_ID"
52-->src/main/AndroidManifest.xml:49:13-51
53            android:value="13612239" />
53-->src/main/AndroidManifest.xml:50:13-37
54        <meta-data
54-->src/main/AndroidManifest.xml:51:9-53:56
55            android:name="com.baidu.speech.API_KEY"
55-->src/main/AndroidManifest.xml:52:13-52
56            android:value="yfXyxUQXxDO7Vcp6h7LtH3RC" />
56-->src/main/AndroidManifest.xml:53:13-53
57        <meta-data
57-->src/main/AndroidManifest.xml:54:9-56:64
58            android:name="com.baidu.speech.SECRET_KEY"
58-->src/main/AndroidManifest.xml:55:13-55
59            android:value="UdKuiwWqIeFlzr3aGUNEutCkA0avXE3o" />
59-->src/main/AndroidManifest.xml:56:13-61
60        <!-- 请确认集成后的包名是否正确，本demo的包名是com.baidu.speech.recognizerdemo，在build.gradle文件中查看 -->
61        <service
61-->src/main/AndroidManifest.xml:58:9-60:40
62            android:name="com.baidu.speech.VoiceRecognitionService"
62-->src/main/AndroidManifest.xml:59:13-68
63            android:exported="false" />
63-->src/main/AndroidManifest.xml:60:13-37
64
65        <!-- <activity -->
66        <!-- android:name="com.baidu.android.voicedemo.activity.ActivityOnline" -->
67        <!-- android:configChanges="orientation|keyboardHidden|screenLayout" -->
68        <!-- android:label="在线识别" -->
69        <!-- android:screenOrientation="portrait" > -->
70        <!-- <intent-filter> -->
71        <!-- <action android:name="android.intent.action.MAIN" /> -->
72        <!-- <category android:name="com.baidu.speech.recognizerdemo.intent.category.SAMPLE_CODE" /> -->
73        <!-- </intent-filter> -->
74        <!-- </activity> -->
75        <!-- <activity -->
76        <!-- android:name="com.baidu.android.voicedemo.activity.ActivityOffline" -->
77        <!-- android:configChanges="orientation|keyboardHidden|screenLayout" -->
78        <!-- android:label="离线命令词" -->
79        <!-- android:screenOrientation="portrait"> -->
80        <!-- <intent-filter> -->
81        <!-- <action android:name="android.intent.action.MAIN" /> -->
82        <!-- <category android:name="com.baidu.speech.recognizerdemo.intent.category.SAMPLE_CODE" /> -->
83        <!-- </intent-filter> -->
84        <!-- </activity> -->
85        <!-- <activity -->
86        <!-- android:name="com.baidu.android.voicedemo.activity.ActivityNlu" -->
87        <!-- android:configChanges="orientation|keyboardHidden|screenLayout" -->
88        <!-- android:label="语义解析（本地和在线）" -->
89        <!-- android:screenOrientation="portrait"> -->
90        <!-- <intent-filter> -->
91        <!-- <action android:name="android.intent.action.MAIN" /> -->
92        <!-- <category android:name="com.baidu.speech.recognizerdemo.intent.category.SAMPLE_CODE" /> -->
93        <!-- </intent-filter> -->
94        <!-- </activity> -->
95        <!-- <activity -->
96        <!-- android:name="com.baidu.android.voicedemo.activity.ActivityAllRecog" -->
97        <!-- android:configChanges="orientation|keyboardHidden|screenLayout" -->
98        <!-- android:label="全部识别功能" -->
99        <!-- android:screenOrientation="portrait"> -->
100        <!-- <intent-filter> -->
101        <!-- <action android:name="android.intent.action.MAIN" /> -->
102        <!-- <category android:name="com.baidu.speech.recognizerdemo.intent.category.SAMPLE_CODE" /> -->
103        <!-- </intent-filter> -->
104        <!-- </activity> -->
105        <!-- <activity -->
106        <!-- android:name="com.baidu.android.voicedemo.activity.ActivityWakeUp" -->
107        <!-- android:configChanges="orientation|keyboardHidden|screenLayout" -->
108        <!-- android:label="唤醒词" -->
109        <!-- android:screenOrientation="portrait"> -->
110        <!-- <intent-filter> -->
111        <!-- <action android:name="android.intent.action.MAIN" /> -->
112        <!-- <category android:name="com.baidu.speech.recognizerdemo.intent.category.SAMPLE_CODE" /> -->
113        <!-- </intent-filter> -->
114        <!-- </activity> -->
115        <!-- <activity -->
116        <!-- android:name="com.baidu.android.voicedemo.activWakeUpRecogecog" -->
117        <!-- android:configChanges="orientation|keyboardHidden|screenLayout" -->
118        <!-- android:label="唤醒后识别" -->
119        <!-- android:screenOrientation="portrait"> -->
120        <!-- <intent-filter> -->
121        <!-- <action android:name="android.intent.action.MAIN" /> -->
122        <!-- <category android:name="com.baidu.speech.recognizerdemo.intent.category.SAMPLE_CODE" /> -->
123        <!-- </intent-filter> -->
124        <!-- </activity> -->
125        <!-- <activity -->
126        <!-- android:name="com.baidu.android.voicedemo.activity.mini.ActivityMiniRecog" -->
127        <!-- android:configChanges="orientation|keyboardHidden|screenLayout" -->
128        <!-- android:label="精简版识别" -->
129        <!-- android:screenOrientation="portrait"> -->
130        <!-- <intent-filter> -->
131        <!-- <action android:name="android.intent.action.MAIN" /> -->
132        <!-- <category android:name="com.baidu.speech.recognizerdemo.intent.category.SAMPLE_CODE" /> -->
133        <!-- </intent-filter> -->
134        <!-- </activity> -->
135        <!-- <activity -->
136        <!-- android:name="com.baidu.android.voicedemo.activity.ActivityUiDialog" -->
137        <!-- android:configChanges="orientation|keyboardHidden|screenLayout" -->
138        <!-- android:label="对话框UI识别" -->
139        <!-- android:screenOrientation="portrait"> -->
140        <!-- <intent-filter> -->
141        <!-- <action android:name="android.intent.action.MAIN" /> -->
142        <!-- <category android:name="com.baidu.speech.recognizerdemo.intent.category.SAMPLE_CODE" /> -->
143        <!-- </intent-filter> -->
144        <!-- </activity> -->
145        <!-- <activity -->
146        <!-- android:name="com.baidu.android.voicedemo.activity.mini.ActivityMiniWakeUp" -->
147        <!-- android:configChanges="orientation|keyboardHidden|screenLayout" -->
148        <!-- android:label="精简版唤醒词" -->
149        <!-- android:screenOrientation="portrait"> -->
150        <!-- <intent-filter> -->
151        <!-- <action android:name="android.intent.action.MAIN" /> -->
152        <!-- <category android:name="com.baidu.speech.recognizerdemo.intent.category.SAMPLE_CODE" /> -->
153        <!-- </intent-filter> -->
154        <!-- </activity> -->
155        <!-- <activity -->
156        <!-- android:name="com.baidu.android.voicedemo.activity.mini.ActivityMiniTest" -->
157        <!-- android:configChanges="orientation|keyboardHidden|screenLayout" -->
158        <!-- android:label="批量测试音频文件识别" -->
159        <!-- android:screenOrientation="portrait"> -->
160        <!-- <intent-filter> -->
161        <!-- <action android:name="android.intent.action.MAIN" /> -->
162        <!-- <category android:name="com.baidu.speech.recognizerdemo.intent.category.SAMPLE_CODE" /> -->
163        <!-- </intent-filter> -->
164        <!-- </activity> -->
165        <!-- <activity -->
166        <!-- android:name="com.baidu.voicerecognition.android.ui.BaiduASRDigitalDialog" -->
167        <!-- android:configChanges="orientation|keyboardHidden|screenLayout" -->
168        <!-- android:theme="@android:style/Theme.Dialog" -->
169        <!-- android:exported="false" -->
170        <!-- android:screenOrientation="portrait"> -->
171        <!-- <intent-filter> -->
172        <!-- <action android:name="com.baidu.action.RECOGNIZE_SPEECH" /> -->
173        <!-- <category android:name="android.intent.category.DEFAULT" /> -->
174        <!-- </intent-filter> -->
175        <!-- </activity> -->
176        <!-- <activity -->
177        <!-- android:name="com.baidu.android.voicedemo.activity.setting.OnlineSetting" -->
178        <!-- android:configChanges="orientation|keyboardHidden|screenLayout" -->
179        <!-- android:label="在线识别设置" -->
180        <!-- android:theme="@android:style/Theme.DeviceDefault.Light" -->
181        <!-- android:screenOrientation="portrait"></activity> -->
182        <!-- <activity -->
183        <!-- android:name="com.baidu.android.voicedemo.activity.setting.OfflineSetting" -->
184        <!-- android:configChanges="orientation|keyboardHidden|screenLayout" -->
185        <!-- android:label="离线命令词设置" -->
186        <!-- android:theme="@android:style/Theme.DeviceDefault.Light" -->
187        <!-- android:screenOrientation="portrait"></activity> -->
188        <!-- <activity -->
189        <!-- android:name="com.baidu.android.voicedemo.activity.setting.NluSetting" -->
190        <!-- android:configChanges="orientation|keyboardHidden|screenLayout" -->
191        <!-- android:label="语义设置" -->
192        <!-- android:theme="@android:style/Theme.DeviceDefault.Light" -->
193        <!-- android:screenOrientation="portrait"></activity> -->
194        <!-- <activity -->
195        <!-- android:name="com.baidu.android.voicedemo.activity.setting.AllSetting" -->
196        <!-- android:configChanges="orientation|keyboardHidden|screenLayout" -->
197        <!-- android:label="全部识别设置" -->
198        <!-- android:theme="@android:style/Theme.DeviceDefault.Light" -->
199        <!-- android:screenOrientation="portrait"></activity> -->
200    </application>
201
202</manifest>